# JRE version: OpenJDK Runtime Environment Temurin-17.0.11+9 (17.0.11+9) (build 17.0.11+9)
# Java VM: OpenJDK 64-Bit Server VM Temurin-17.0.11+9 (17.0.11+9, mixed mode, tiered, compressed oops, compressed class ptrs, parallel gc, windows-amd64)
GC Precious Log:
 CPUs: 8 total, 8 available
 Memory: 8000M
 Large Page Support: Disabled
 NUMA Support: Disabled
 Compressed Oops: Enabled (32-bit)
 Alignments: Space 512K, Generation 512K, Heap 2M
 Heap Min Capacity: 100M
 Heap Initial Capacity: 100M
 Heap Max Capacity: 1G
 Pre-touch: Disabled
 Parallel Workers: 8
Heap:
 PSYoungGen      total 19456K, used 5915K [0x00000000eab00000, 0x00000000ec300000, 0x0000000100000000)
  eden space 16896K, 19% used [0x00000000eab00000,0x00000000eae4b5d0,0x00000000ebb80000)
  from space 2560K, 99% used [0x00000000ec080000,0x00000000ec2fb858,0x00000000ec300000)
  to   space 3584K, 0% used [0x00000000ebc00000,0x00000000ebc00000,0x00000000ebf80000)
 ParOldGen       total 246784K, used 204807K [0x00000000c0000000, 0x00000000cf100000, 0x00000000eab00000)
  object space 246784K, 82% used [0x00000000c0000000,0x00000000cc801ef8,0x00000000cf100000)
 Metaspace       used 70002K, committed 71360K, reserved 1114112K
  class space    used 7511K, committed 8128K, reserved 1048576K
GC Heap History (20 events):
Event: 43.456 GC heap before
{Heap before GC invocations=234 (full 9):
 PSYoungGen      total 14336K, used 14038K [0x00000000eab00000, 0x00000000ebd80000, 0x0000000100000000)
  eden space 10752K, 100% used [0x00000000eab00000,0x00000000eb580000,0x00000000eb580000)
  from space 3584K, 91% used [0x00000000eba00000,0x00000000ebd35a98,0x00000000ebd80000)
  to   space 4096K, 0% used [0x00000000eb580000,0x00000000eb580000,0x00000000eb980000)
 ParOldGen       total 209408K, used 192339K [0x00000000c0000000, 0x00000000ccc80000, 0x00000000eab00000)
  object space 209408K, 91% used [0x00000000c0000000,0x00000000cbbd4d68,0x00000000ccc80000)
 Metaspace       used 68878K, committed 70144K, reserved 1114112K
  class space    used 7377K, committed 7936K, reserved 1048576K
}
Event: 43.460 GC heap after
{Heap after GC invocations=234 (full 9):
 PSYoungGen      total 14848K, used 4082K [0x00000000eab00000, 0x00000000ec280000, 0x0000000100000000)
  eden space 10752K, 0% used [0x00000000eab00000,0x00000000eab00000,0x00000000eb580000)
  from space 4096K, 99% used [0x00000000eb580000,0x00000000eb97cb28,0x00000000eb980000)
  to   space 6144K, 0% used [0x00000000ebc80000,0x00000000ebc80000,0x00000000ec280000)
 ParOldGen       total 209408K, used 193648K [0x00000000c0000000, 0x00000000ccc80000, 0x00000000eab00000)
  object space 209408K, 92% used [0x00000000c0000000,0x00000000cbd1c058,0x00000000ccc80000)
 Metaspace       used 68878K, committed 70144K, reserved 1114112K
  class space    used 7377K, committed 7936K, reserved 1048576K
}
Event: 43.509 GC heap before
{Heap before GC invocations=235 (full 9):
 PSYoungGen      total 14848K, used 14834K [0x00000000eab00000, 0x00000000ec280000, 0x0000000100000000)
  eden space 10752K, 100% used [0x00000000eab00000,0x00000000eb580000,0x00000000eb580000)
  from space 4096K, 99% used [0x00000000eb580000,0x00000000eb97cb28,0x00000000eb980000)
  to   space 6144K, 0% used [0x00000000ebc80000,0x00000000ebc80000,0x00000000ec280000)
 ParOldGen       total 209408K, used 193648K [0x00000000c0000000, 0x00000000ccc80000, 0x00000000eab00000)
  object space 209408K, 92% used [0x00000000c0000000,0x00000000cbd1c058,0x00000000ccc80000)
 Metaspace       used 68887K, committed 70144K, reserved 1114112K
  class space    used 7378K, committed 7936K, reserved 1048576K
}
Event: 43.514 GC heap after
{Heap after GC invocations=235 (full 9):
 PSYoungGen      total 15872K, used 4075K [0x00000000eab00000, 0x00000000ec080000, 0x0000000100000000)
  eden space 11776K, 0% used [0x00000000eab00000,0x00000000eab00000,0x00000000eb680000)
  from space 4096K, 99% used [0x00000000ebc80000,0x00000000ec07ad00,0x00000000ec080000)
  to   space 4608K, 0% used [0x00000000eb780000,0x00000000eb780000,0x00000000ebc00000)
 ParOldGen       total 209408K, used 195868K [0x00000000c0000000, 0x00000000ccc80000, 0x00000000eab00000)
  object space 209408K, 93% used [0x00000000c0000000,0x00000000cbf47200,0x00000000ccc80000)
 Metaspace       used 68887K, committed 70144K, reserved 1114112K
  class space    used 7378K, committed 7936K, reserved 1048576K
}
Event: 43.614 GC heap before
{Heap before GC invocations=236 (full 9):
 PSYoungGen      total 15872K, used 15851K [0x00000000eab00000, 0x00000000ec080000, 0x0000000100000000)
  eden space 11776K, 100% used [0x00000000eab00000,0x00000000eb680000,0x00000000eb680000)
  from space 4096K, 99% used [0x00000000ebc80000,0x00000000ec07ad00,0x00000000ec080000)
  to   space 4608K, 0% used [0x00000000eb780000,0x00000000eb780000,0x00000000ebc00000)
 ParOldGen       total 209408K, used 195868K [0x00000000c0000000, 0x00000000ccc80000, 0x00000000eab00000)
  object space 209408K, 93% used [0x00000000c0000000,0x00000000cbf47200,0x00000000ccc80000)
 Metaspace       used 68920K, committed 70144K, reserved 1114112K
  class space    used 7385K, committed 7936K, reserved 1048576K
}
Event: 43.618 GC heap after
{Heap after GC invocations=236 (full 9):
 PSYoungGen      total 16384K, used 4597K [0x00000000eab00000, 0x00000000ec380000, 0x0000000100000000)
  eden space 11776K, 0% used [0x00000000eab00000,0x00000000eab00000,0x00000000eb680000)
  from space 4608K, 99% used [0x00000000eb780000,0x00000000ebbfd448,0x00000000ebc00000)
  to   space 6656K, 0% used [0x00000000ebd00000,0x00000000ebd00000,0x00000000ec380000)
 ParOldGen       total 209408K, used 197359K [0x00000000c0000000, 0x00000000ccc80000, 0x00000000eab00000)
  object space 209408K, 94% used [0x00000000c0000000,0x00000000cc0bbc60,0x00000000ccc80000)
 Metaspace       used 68920K, committed 70144K, reserved 1114112K
  class space    used 7385K, committed 7936K, reserved 1048576K
}
Event: 43.662 GC heap before
{Heap before GC invocations=237 (full 9):
 PSYoungGen      total 16384K, used 16334K [0x00000000eab00000, 0x00000000ec380000, 0x0000000100000000)
  eden space 11776K, 99% used [0x00000000eab00000,0x00000000eb6767b0,0x00000000eb680000)
  from space 4608K, 99% used [0x00000000eb780000,0x00000000ebbfd448,0x00000000ebc00000)
  to   space 6656K, 0% used [0x00000000ebd00000,0x00000000ebd00000,0x00000000ec380000)
 ParOldGen       total 209408K, used 197359K [0x00000000c0000000, 0x00000000ccc80000, 0x00000000eab00000)
  object space 209408K, 94% used [0x00000000c0000000,0x00000000cc0bbc60,0x00000000ccc80000)
 Metaspace       used 68937K, committed 70144K, reserved 1114112K
  class space    used 7386K, committed 7936K, reserved 1048576K
}
Event: 43.669 GC heap after
{Heap after GC invocations=237 (full 9):
 PSYoungGen      total 16384K, used 3524K [0x00000000eab00000, 0x00000000ec080000, 0x0000000100000000)
  eden space 12800K, 0% used [0x00000000eab00000,0x00000000eab00000,0x00000000eb780000)
  from space 3584K, 98% used [0x00000000ebd00000,0x00000000ec071018,0x00000000ec080000)
  to   space 4608K, 0% used [0x00000000eb780000,0x00000000eb780000,0x00000000ebc00000)
 ParOldGen       total 209408K, used 200247K [0x00000000c0000000, 0x00000000ccc80000, 0x00000000eab00000)
  object space 209408K, 95% used [0x00000000c0000000,0x00000000cc38de58,0x00000000ccc80000)
 Metaspace       used 68937K, committed 70144K, reserved 1114112K
  class space    used 7386K, committed 7936K, reserved 1048576K
}
Event: 43.714 GC heap before
{Heap before GC invocations=238 (full 9):
 PSYoungGen      total 16384K, used 16324K [0x00000000eab00000, 0x00000000ec080000, 0x0000000100000000)
  eden space 12800K, 100% used [0x00000000eab00000,0x00000000eb780000,0x00000000eb780000)
  from space 3584K, 98% used [0x00000000ebd00000,0x00000000ec071018,0x00000000ec080000)
  to   space 4608K, 0% used [0x00000000eb780000,0x00000000eb780000,0x00000000ebc00000)
 ParOldGen       total 209408K, used 200247K [0x00000000c0000000, 0x00000000ccc80000, 0x00000000eab00000)
  object space 209408K, 95% used [0x00000000c0000000,0x00000000cc38de58,0x00000000ccc80000)
 Metaspace       used 68953K, committed 70144K, reserved 1114112K
  class space    used 7386K, committed 7936K, reserved 1048576K
}
Event: 43.719 GC heap after
{Heap after GC invocations=238 (full 9):
 PSYoungGen      total 17408K, used 4599K [0x00000000eab00000, 0x00000000ec480000, 0x0000000100000000)
  eden space 12800K, 0% used [0x00000000eab00000,0x00000000eab00000,0x00000000eb780000)
  from space 4608K, 99% used [0x00000000eb780000,0x00000000ebbfdd68,0x00000000ebc00000)
  to   space 6144K, 0% used [0x00000000ebe80000,0x00000000ebe80000,0x00000000ec480000)
 ParOldGen       total 209408K, used 201319K [0x00000000c0000000, 0x00000000ccc80000, 0x00000000eab00000)
  object space 209408K, 96% used [0x00000000c0000000,0x00000000cc499e58,0x00000000ccc80000)
 Metaspace       used 68953K, committed 70144K, reserved 1114112K
  class space    used 7386K, committed 7936K, reserved 1048576K
}
Event: 43.776 GC heap before
{Heap before GC invocations=239 (full 9):
 PSYoungGen      total 17408K, used 17399K [0x00000000eab00000, 0x00000000ec480000, 0x0000000100000000)
  eden space 12800K, 100% used [0x00000000eab00000,0x00000000eb780000,0x00000000eb780000)
  from space 4608K, 99% used [0x00000000eb780000,0x00000000ebbfdd68,0x00000000ebc00000)
  to   space 6144K, 0% used [0x00000000ebe80000,0x00000000ebe80000,0x00000000ec480000)
 ParOldGen       total 209408K, used 201319K [0x00000000c0000000, 0x00000000ccc80000, 0x00000000eab00000)
  object space 209408K, 96% used [0x00000000c0000000,0x00000000cc499e58,0x00000000ccc80000)
 Metaspace       used 68969K, committed 70208K, reserved 1114112K
  class space    used 7386K, committed 7936K, reserved 1048576K
}
Event: 43.781 GC heap after
{Heap after GC invocations=239 (full 9):
 PSYoungGen      total 18944K, used 5088K [0x00000000eab00000, 0x00000000ec380000, 0x0000000100000000)
  eden space 13824K, 0% used [0x00000000eab00000,0x00000000eab00000,0x00000000eb880000)
  from space 5120K, 99% used [0x00000000ebe80000,0x00000000ec378058,0x00000000ec380000)
  to   space 5632K, 0% used [0x00000000eb880000,0x00000000eb880000,0x00000000ebe00000)
 ParOldGen       total 209408K, used 204040K [0x00000000c0000000, 0x00000000ccc80000, 0x00000000eab00000)
  object space 209408K, 97% used [0x00000000c0000000,0x00000000cc7421e8,0x00000000ccc80000)
 Metaspace       used 68969K, committed 70208K, reserved 1114112K
  class space    used 7386K, committed 7936K, reserved 1048576K
}
Event: 43.852 GC heap before
{Heap before GC invocations=240 (full 9):
 PSYoungGen      total 18944K, used 18912K [0x00000000eab00000, 0x00000000ec380000, 0x0000000100000000)
  eden space 13824K, 100% used [0x00000000eab00000,0x00000000eb880000,0x00000000eb880000)
  from space 5120K, 99% used [0x00000000ebe80000,0x00000000ec378058,0x00000000ec380000)
  to   space 5632K, 0% used [0x00000000eb880000,0x00000000eb880000,0x00000000ebe00000)
 ParOldGen       total 209408K, used 204040K [0x00000000c0000000, 0x00000000ccc80000, 0x00000000eab00000)
  object space 209408K, 97% used [0x00000000c0000000,0x00000000cc7421e8,0x00000000ccc80000)
 Metaspace       used 69415K, committed 70784K, reserved 1114112K
  class space    used 7441K, committed 8064K, reserved 1048576K
}
Event: 43.857 GC heap after
{Heap after GC invocations=240 (full 9):
 PSYoungGen      total 19456K, used 5610K [0x00000000eab00000, 0x00000000ec900000, 0x0000000100000000)
  eden space 13824K, 0% used [0x00000000eab00000,0x00000000eab00000,0x00000000eb880000)
  from space 5632K, 99% used [0x00000000eb880000,0x00000000ebdfa988,0x00000000ebe00000)
  to   space 7680K, 0% used [0x00000000ec180000,0x00000000ec180000,0x00000000ec900000)
 ParOldGen       total 209408K, used 205341K [0x00000000c0000000, 0x00000000ccc80000, 0x00000000eab00000)
  object space 209408K, 98% used [0x00000000c0000000,0x00000000cc887710,0x00000000ccc80000)
 Metaspace       used 69415K, committed 70784K, reserved 1114112K
  class space    used 7441K, committed 8064K, reserved 1048576K
}
Event: 44.023 GC heap before
{Heap before GC invocations=241 (full 9):
 PSYoungGen      total 19456K, used 19434K [0x00000000eab00000, 0x00000000ec900000, 0x0000000100000000)
  eden space 13824K, 100% used [0x00000000eab00000,0x00000000eb880000,0x00000000eb880000)
  from space 5632K, 99% used [0x00000000eb880000,0x00000000ebdfa988,0x00000000ebe00000)
  to   space 7680K, 0% used [0x00000000ec180000,0x00000000ec180000,0x00000000ec900000)
 ParOldGen       total 209408K, used 205341K [0x00000000c0000000, 0x00000000ccc80000, 0x00000000eab00000)
  object space 209408K, 98% used [0x00000000c0000000,0x00000000cc887710,0x00000000ccc80000)
 Metaspace       used 69925K, committed 71296K, reserved 1114112K
  class space    used 7500K, committed 8128K, reserved 1048576K
}
Event: 44.038 GC heap after
{Heap after GC invocations=241 (full 9):
 PSYoungGen      total 19456K, used 3959K [0x00000000eab00000, 0x00000000ec580000, 0x0000000100000000)
  eden space 15360K, 0% used [0x00000000eab00000,0x00000000eab00000,0x00000000eba00000)
  from space 4096K, 96% used [0x00000000ec180000,0x00000000ec55df88,0x00000000ec580000)
  to   space 5120K, 0% used [0x00000000ebb80000,0x00000000ebb80000,0x00000000ec080000)
 ParOldGen       total 209408K, used 208654K [0x00000000c0000000, 0x00000000ccc80000, 0x00000000eab00000)
  object space 209408K, 99% used [0x00000000c0000000,0x00000000ccbc3840,0x00000000ccc80000)
 Metaspace       used 69925K, committed 71296K, reserved 1114112K
  class space    used 7500K, committed 8128K, reserved 1048576K
}
Event: 44.038 GC heap before
{Heap before GC invocations=242 (full 10):
 PSYoungGen      total 19456K, used 3959K [0x00000000eab00000, 0x00000000ec580000, 0x0000000100000000)
  eden space 15360K, 0% used [0x00000000eab00000,0x00000000eab00000,0x00000000eba00000)
  from space 4096K, 96% used [0x00000000ec180000,0x00000000ec55df88,0x00000000ec580000)
  to   space 5120K, 0% used [0x00000000ebb80000,0x00000000ebb80000,0x00000000ec080000)
 ParOldGen       total 209408K, used 208654K [0x00000000c0000000, 0x00000000ccc80000, 0x00000000eab00000)
  object space 209408K, 99% used [0x00000000c0000000,0x00000000ccbc3840,0x00000000ccc80000)
 Metaspace       used 69925K, committed 71296K, reserved 1114112K
  class space    used 7500K, committed 8128K, reserved 1048576K
}
Event: 44.275 GC heap after
{Heap after GC invocations=242 (full 10):
 PSYoungGen      total 22016K, used 0K [0x00000000eab00000, 0x00000000ec580000, 0x0000000100000000)
  eden space 16896K, 0% used [0x00000000eab00000,0x00000000eab00000,0x00000000ebb80000)
  from space 5120K, 0% used [0x00000000ebb80000,0x00000000ebb80000,0x00000000ec080000)
  to   space 5120K, 0% used [0x00000000ec080000,0x00000000ec080000,0x00000000ec580000)
 ParOldGen       total 246784K, used 200556K [0x00000000c0000000, 0x00000000cf100000, 0x00000000eab00000)
  object space 246784K, 81% used [0x00000000c0000000,0x00000000cc3db198,0x00000000cf100000)
 Metaspace       used 69925K, committed 71296K, reserved 1114112K
  class space    used 7500K, committed 8128K, reserved 1048576K
}
Event: 44.766 GC heap before
{Heap before GC invocations=243 (full 10):
 PSYoungGen      total 22016K, used 16896K [0x00000000eab00000, 0x00000000ec580000, 0x0000000100000000)
  eden space 16896K, 100% used [0x00000000eab00000,0x00000000ebb80000,0x00000000ebb80000)
  from space 5120K, 0% used [0x00000000ebb80000,0x00000000ebb80000,0x00000000ec080000)
  to   space 5120K, 0% used [0x00000000ec080000,0x00000000ec080000,0x00000000ec580000)
 ParOldGen       total 246784K, used 200556K [0x00000000c0000000, 0x00000000cf100000, 0x00000000eab00000)
  object space 246784K, 81% used [0x00000000c0000000,0x00000000cc3db198,0x00000000cf100000)
 Metaspace       used 69965K, committed 71296K, reserved 1114112K
  class space    used 7507K, committed 8128K, reserved 1048576K
}
Event: 44.770 GC heap after
{Heap after GC invocations=243 (full 10):
 PSYoungGen      total 19456K, used 2420K [0x00000000eab00000, 0x00000000ec300000, 0x0000000100000000)
  eden space 16896K, 0% used [0x00000000eab00000,0x00000000eab00000,0x00000000ebb80000)
  from space 2560K, 94% used [0x00000000ec080000,0x00000000ec2dd140,0x00000000ec300000)
  to   space 3584K, 0% used [0x00000000ebc00000,0x00000000ebc00000,0x00000000ebf80000)
 ParOldGen       total 246784K, used 200556K [0x00000000c0000000, 0x00000000cf100000, 0x00000000eab00000)
  object space 246784K, 81% used [0x00000000c0000000,0x00000000cc3db198,0x00000000cf100000)
 Metaspace       used 69965K, committed 71296K, reserved 1114112K
  class space    used 7507K, committed 8128K, reserved 1048576K
}

