# JRE version: OpenJDK Runtime Environment Temurin-17.0.10+7 (17.0.10+7) (build 17.0.10+7)
# Java VM: OpenJDK 64-Bit Server VM Temurin-17.0.10+7 (17.0.10+7, mixed mode, tiered, compressed oops, compressed class ptrs, parallel gc, windows-amd64)
GC Precious Log:
 CPUs: 8 total, 8 available
 Memory: 8000M
 Large Page Support: Disabled
 NUMA Support: Disabled
 Compressed Oops: Enabled (32-bit)
 Alignments: Space 512K, Generation 512K, Heap 2M
 Heap Min Capacity: 100M
 Heap Initial Capacity: 100M
 Heap Max Capacity: 1G
 Pre-touch: Disabled
 Parallel Workers: 8
Heap:
 PSYoungGen      total 12288K, used 9654K [0x00000000eab00000, 0x00000000ebd80000, 0x0000000100000000)
  eden space 5632K, 59% used [0x00000000eab00000,0x00000000eae463c0,0x00000000eb080000)
  from space 6656K, 94% used [0x00000000eb200000,0x00000000eb8274b0,0x00000000eb880000)
  to   space 5120K, 0% used [0x00000000eb880000,0x00000000eb880000,0x00000000ebd80000)
 ParOldGen       total 356352K, used 335968K [0x00000000c0000000, 0x00000000d5c00000, 0x00000000eab00000)
  object space 356352K, 94% used [0x00000000c0000000,0x00000000d4818360,0x00000000d5c00000)
 Metaspace       used 56208K, committed 57344K, reserved 1114112K
  class space    used 6358K, committed 6848K, reserved 1048576K
GC Heap History (20 events):
Event: 40.640 GC heap before
{Heap before GC invocations=221 (full 11):
 PSYoungGen      total 4096K, used 3879K [0x00000000eab00000, 0x00000000eb380000, 0x0000000100000000)
  eden space 1536K, 99% used [0x00000000eab00000,0x00000000eac7ffc0,0x00000000eac80000)
  from space 2560K, 91% used [0x00000000eaf80000,0x00000000eb1c9e30,0x00000000eb200000)
  to   space 3072K, 0% used [0x00000000eac80000,0x00000000eac80000,0x00000000eaf80000)
 ParOldGen       total 316928K, used 304062K [0x00000000c0000000, 0x00000000d3580000, 0x00000000eab00000)
  object space 316928K, 95% used [0x00000000c0000000,0x00000000d28ef960,0x00000000d3580000)
 Metaspace       used 55719K, committed 56960K, reserved 1114112K
  class space    used 6308K, committed 6848K, reserved 1048576K
}
Event: 40.645 GC heap after
{Heap after GC invocations=221 (full 11):
 PSYoungGen      total 4608K, used 3043K [0x00000000eab00000, 0x00000000eb500000, 0x0000000100000000)
  eden space 1536K, 0% used [0x00000000eab00000,0x00000000eab00000,0x00000000eac80000)
  from space 3072K, 99% used [0x00000000eac80000,0x00000000eaf78e60,0x00000000eaf80000)
  to   space 4096K, 0% used [0x00000000eb100000,0x00000000eb100000,0x00000000eb500000)
 ParOldGen       total 316928K, used 304670K [0x00000000c0000000, 0x00000000d3580000, 0x00000000eab00000)
  object space 316928K, 96% used [0x00000000c0000000,0x00000000d2987960,0x00000000d3580000)
 Metaspace       used 55719K, committed 56960K, reserved 1114112K
  class space    used 6308K, committed 6848K, reserved 1048576K
}
Event: 40.717 GC heap before
{Heap before GC invocations=222 (full 11):
 PSYoungGen      total 4608K, used 4579K [0x00000000eab00000, 0x00000000eb500000, 0x0000000100000000)
  eden space 1536K, 99% used [0x00000000eab00000,0x00000000eac7fff8,0x00000000eac80000)
  from space 3072K, 99% used [0x00000000eac80000,0x00000000eaf78e60,0x00000000eaf80000)
  to   space 4096K, 0% used [0x00000000eb100000,0x00000000eb100000,0x00000000eb500000)
 ParOldGen       total 316928K, used 304670K [0x00000000c0000000, 0x00000000d3580000, 0x00000000eab00000)
  object space 316928K, 96% used [0x00000000c0000000,0x00000000d2987960,0x00000000d3580000)
 Metaspace       used 55720K, committed 56960K, reserved 1114112K
  class space    used 6308K, committed 6848K, reserved 1048576K
}
Event: 40.722 GC heap after
{Heap after GC invocations=222 (full 11):
 PSYoungGen      total 4608K, used 2240K [0x00000000eab00000, 0x00000000eb380000, 0x0000000100000000)
  eden space 2048K, 0% used [0x00000000eab00000,0x00000000eab00000,0x00000000ead00000)
  from space 2560K, 87% used [0x00000000eb100000,0x00000000eb330000,0x00000000eb380000)
  to   space 3072K, 0% used [0x00000000ead80000,0x00000000ead80000,0x00000000eb080000)
 ParOldGen       total 316928K, used 306403K [0x00000000c0000000, 0x00000000d3580000, 0x00000000eab00000)
  object space 316928K, 96% used [0x00000000c0000000,0x00000000d2b38cc0,0x00000000d3580000)
 Metaspace       used 55720K, committed 56960K, reserved 1114112K
  class space    used 6308K, committed 6848K, reserved 1048576K
}
Event: 40.784 GC heap before
{Heap before GC invocations=223 (full 11):
 PSYoungGen      total 4608K, used 4233K [0x00000000eab00000, 0x00000000eb380000, 0x0000000100000000)
  eden space 2048K, 97% used [0x00000000eab00000,0x00000000eacf2708,0x00000000ead00000)
  from space 2560K, 87% used [0x00000000eb100000,0x00000000eb330000,0x00000000eb380000)
  to   space 3072K, 0% used [0x00000000ead80000,0x00000000ead80000,0x00000000eb080000)
 ParOldGen       total 316928K, used 306403K [0x00000000c0000000, 0x00000000d3580000, 0x00000000eab00000)
  object space 316928K, 96% used [0x00000000c0000000,0x00000000d2b38cc0,0x00000000d3580000)
 Metaspace       used 55720K, committed 56960K, reserved 1114112K
  class space    used 6308K, committed 6848K, reserved 1048576K
}
Event: 40.787 GC heap after
{Heap after GC invocations=223 (full 11):
 PSYoungGen      total 5632K, used 3067K [0x00000000eab00000, 0x00000000eb480000, 0x0000000100000000)
  eden space 2560K, 0% used [0x00000000eab00000,0x00000000eab00000,0x00000000ead80000)
  from space 3072K, 99% used [0x00000000ead80000,0x00000000eb07ef48,0x00000000eb080000)
  to   space 3584K, 0% used [0x00000000eb100000,0x00000000eb100000,0x00000000eb480000)
 ParOldGen       total 316928K, used 306667K [0x00000000c0000000, 0x00000000d3580000, 0x00000000eab00000)
  object space 316928K, 96% used [0x00000000c0000000,0x00000000d2b7acc0,0x00000000d3580000)
 Metaspace       used 55720K, committed 56960K, reserved 1114112K
  class space    used 6308K, committed 6848K, reserved 1048576K
}
Event: 40.839 GC heap before
{Heap before GC invocations=224 (full 11):
 PSYoungGen      total 5632K, used 5611K [0x00000000eab00000, 0x00000000eb480000, 0x0000000100000000)
  eden space 2560K, 99% used [0x00000000eab00000,0x00000000ead7bd38,0x00000000ead80000)
  from space 3072K, 99% used [0x00000000ead80000,0x00000000eb07ef48,0x00000000eb080000)
  to   space 3584K, 0% used [0x00000000eb100000,0x00000000eb100000,0x00000000eb480000)
 ParOldGen       total 316928K, used 306667K [0x00000000c0000000, 0x00000000d3580000, 0x00000000eab00000)
  object space 316928K, 96% used [0x00000000c0000000,0x00000000d2b7acc0,0x00000000d3580000)
 Metaspace       used 55720K, committed 56960K, reserved 1114112K
  class space    used 6308K, committed 6848K, reserved 1048576K
}
Event: 40.843 GC heap after
{Heap after GC invocations=224 (full 11):
 PSYoungGen      total 6144K, used 3207K [0x00000000eab00000, 0x00000000eb500000, 0x0000000100000000)
  eden space 2560K, 0% used [0x00000000eab00000,0x00000000eab00000,0x00000000ead80000)
  from space 3584K, 89% used [0x00000000eb100000,0x00000000eb421ee8,0x00000000eb480000)
  to   space 3584K, 0% used [0x00000000ead80000,0x00000000ead80000,0x00000000eb100000)
 ParOldGen       total 316928K, used 308692K [0x00000000c0000000, 0x00000000d3580000, 0x00000000eab00000)
  object space 316928K, 97% used [0x00000000c0000000,0x00000000d2d75208,0x00000000d3580000)
 Metaspace       used 55720K, committed 56960K, reserved 1114112K
  class space    used 6308K, committed 6848K, reserved 1048576K
}
Event: 40.917 GC heap before
{Heap before GC invocations=225 (full 11):
 PSYoungGen      total 6144K, used 5767K [0x00000000eab00000, 0x00000000eb500000, 0x0000000100000000)
  eden space 2560K, 99% used [0x00000000eab00000,0x00000000ead7fff8,0x00000000ead80000)
  from space 3584K, 89% used [0x00000000eb100000,0x00000000eb421ee8,0x00000000eb480000)
  to   space 3584K, 0% used [0x00000000ead80000,0x00000000ead80000,0x00000000eb100000)
 ParOldGen       total 316928K, used 308692K [0x00000000c0000000, 0x00000000d3580000, 0x00000000eab00000)
  object space 316928K, 97% used [0x00000000c0000000,0x00000000d2d75208,0x00000000d3580000)
 Metaspace       used 55721K, committed 56960K, reserved 1114112K
  class space    used 6308K, committed 6848K, reserved 1048576K
}
Event: 40.927 GC heap after
{Heap after GC invocations=225 (full 11):
 PSYoungGen      total 6144K, used 3567K [0x00000000eab00000, 0x00000000eb800000, 0x0000000100000000)
  eden space 2560K, 0% used [0x00000000eab00000,0x00000000eab00000,0x00000000ead80000)
  from space 3584K, 99% used [0x00000000ead80000,0x00000000eb0fbe88,0x00000000eb100000)
  to   space 5120K, 0% used [0x00000000eb300000,0x00000000eb300000,0x00000000eb800000)
 ParOldGen       total 316928K, used 309572K [0x00000000c0000000, 0x00000000d3580000, 0x00000000eab00000)
  object space 316928K, 97% used [0x00000000c0000000,0x00000000d2e51208,0x00000000d3580000)
 Metaspace       used 55721K, committed 56960K, reserved 1114112K
  class space    used 6308K, committed 6848K, reserved 1048576K
}
Event: 40.986 GC heap before
{Heap before GC invocations=226 (full 11):
 PSYoungGen      total 6144K, used 5980K [0x00000000eab00000, 0x00000000eb800000, 0x0000000100000000)
  eden space 2560K, 94% used [0x00000000eab00000,0x00000000ead5b4a0,0x00000000ead80000)
  from space 3584K, 99% used [0x00000000ead80000,0x00000000eb0fbe88,0x00000000eb100000)
  to   space 5120K, 0% used [0x00000000eb300000,0x00000000eb300000,0x00000000eb800000)
 ParOldGen       total 316928K, used 309572K [0x00000000c0000000, 0x00000000d3580000, 0x00000000eab00000)
  object space 316928K, 97% used [0x00000000c0000000,0x00000000d2e51208,0x00000000d3580000)
 Metaspace       used 55721K, committed 56960K, reserved 1114112K
  class space    used 6308K, committed 6848K, reserved 1048576K
}
Event: 40.994 GC heap after
{Heap after GC invocations=226 (full 11):
 PSYoungGen      total 6144K, used 2963K [0x00000000eab00000, 0x00000000eb600000, 0x0000000100000000)
  eden space 3072K, 0% used [0x00000000eab00000,0x00000000eab00000,0x00000000eae00000)
  from space 3072K, 96% used [0x00000000eb300000,0x00000000eb5e4da0,0x00000000eb600000)
  to   space 3584K, 0% used [0x00000000eaf00000,0x00000000eaf00000,0x00000000eb280000)
 ParOldGen       total 316928K, used 312201K [0x00000000c0000000, 0x00000000d3580000, 0x00000000eab00000)
  object space 316928K, 98% used [0x00000000c0000000,0x00000000d30e2630,0x00000000d3580000)
 Metaspace       used 55721K, committed 56960K, reserved 1114112K
  class space    used 6308K, committed 6848K, reserved 1048576K
}
Event: 41.057 GC heap before
{Heap before GC invocations=227 (full 11):
 PSYoungGen      total 6144K, used 6035K [0x00000000eab00000, 0x00000000eb600000, 0x0000000100000000)
  eden space 3072K, 100% used [0x00000000eab00000,0x00000000eae00000,0x00000000eae00000)
  from space 3072K, 96% used [0x00000000eb300000,0x00000000eb5e4da0,0x00000000eb600000)
  to   space 3584K, 0% used [0x00000000eaf00000,0x00000000eaf00000,0x00000000eb280000)
 ParOldGen       total 316928K, used 312201K [0x00000000c0000000, 0x00000000d3580000, 0x00000000eab00000)
  object space 316928K, 98% used [0x00000000c0000000,0x00000000d30e2630,0x00000000d3580000)
 Metaspace       used 55721K, committed 56960K, reserved 1114112K
  class space    used 6308K, committed 6848K, reserved 1048576K
}
Event: 41.063 GC heap after
{Heap after GC invocations=227 (full 11):
 PSYoungGen      total 7168K, used 3554K [0x00000000eab00000, 0x00000000eba80000, 0x0000000100000000)
  eden space 3584K, 0% used [0x00000000eab00000,0x00000000eab00000,0x00000000eae80000)
  from space 3584K, 99% used [0x00000000eaf00000,0x00000000eb278b48,0x00000000eb280000)
  to   space 6144K, 0% used [0x00000000eb480000,0x00000000eb480000,0x00000000eba80000)
 ParOldGen       total 316928K, used 314262K [0x00000000c0000000, 0x00000000d3580000, 0x00000000eab00000)
  object space 316928K, 99% used [0x00000000c0000000,0x00000000d32e5ae8,0x00000000d3580000)
 Metaspace       used 55721K, committed 56960K, reserved 1114112K
  class space    used 6308K, committed 6848K, reserved 1048576K
}
Event: 41.282 GC heap before
{Heap before GC invocations=228 (full 11):
 PSYoungGen      total 7168K, used 7138K [0x00000000eab00000, 0x00000000eba80000, 0x0000000100000000)
  eden space 3584K, 100% used [0x00000000eab00000,0x00000000eae80000,0x00000000eae80000)
  from space 3584K, 99% used [0x00000000eaf00000,0x00000000eb278b48,0x00000000eb280000)
  to   space 6144K, 0% used [0x00000000eb480000,0x00000000eb480000,0x00000000eba80000)
 ParOldGen       total 316928K, used 314262K [0x00000000c0000000, 0x00000000d3580000, 0x00000000eab00000)
  object space 316928K, 99% used [0x00000000c0000000,0x00000000d32e5ae8,0x00000000d3580000)
 Metaspace       used 55721K, committed 56960K, reserved 1114112K
  class space    used 6308K, committed 6848K, reserved 1048576K
}
Event: 41.290 GC heap after
{Heap after GC invocations=228 (full 11):
 PSYoungGen      total 8192K, used 3635K [0x00000000eab00000, 0x00000000eb880000, 0x0000000100000000)
  eden space 4096K, 0% used [0x00000000eab00000,0x00000000eab00000,0x00000000eaf00000)
  from space 4096K, 88% used [0x00000000eb480000,0x00000000eb80cc68,0x00000000eb880000)
  to   space 4608K, 0% used [0x00000000eaf80000,0x00000000eaf80000,0x00000000eb400000)
 ParOldGen       total 316928K, used 316238K [0x00000000c0000000, 0x00000000d3580000, 0x00000000eab00000)
  object space 316928K, 99% used [0x00000000c0000000,0x00000000d34d3870,0x00000000d3580000)
 Metaspace       used 55721K, committed 56960K, reserved 1114112K
  class space    used 6308K, committed 6848K, reserved 1048576K
}
Event: 41.290 GC heap before
{Heap before GC invocations=229 (full 12):
 PSYoungGen      total 8192K, used 3635K [0x00000000eab00000, 0x00000000eb880000, 0x0000000100000000)
  eden space 4096K, 0% used [0x00000000eab00000,0x00000000eab00000,0x00000000eaf00000)
  from space 4096K, 88% used [0x00000000eb480000,0x00000000eb80cc68,0x00000000eb880000)
  to   space 4608K, 0% used [0x00000000eaf80000,0x00000000eaf80000,0x00000000eb400000)
 ParOldGen       total 316928K, used 316238K [0x00000000c0000000, 0x00000000d3580000, 0x00000000eab00000)
  object space 316928K, 99% used [0x00000000c0000000,0x00000000d34d3870,0x00000000d3580000)
 Metaspace       used 55721K, committed 56960K, reserved 1114112K
  class space    used 6308K, committed 6848K, reserved 1048576K
}
Event: 41.624 GC heap after
{Heap after GC invocations=229 (full 12):
 PSYoungGen      total 9216K, used 0K [0x00000000eab00000, 0x00000000eb880000, 0x0000000100000000)
  eden space 4608K, 0% used [0x00000000eab00000,0x00000000eab00000,0x00000000eaf80000)
  from space 4608K, 0% used [0x00000000eaf80000,0x00000000eaf80000,0x00000000eb400000)
  to   space 4608K, 0% used [0x00000000eb400000,0x00000000eb400000,0x00000000eb880000)
 ParOldGen       total 356352K, used 310245K [0x00000000c0000000, 0x00000000d5c00000, 0x00000000eab00000)
  object space 356352K, 87% used [0x00000000c0000000,0x00000000d2ef94d0,0x00000000d5c00000)
 Metaspace       used 55721K, committed 56960K, reserved 1114112K
  class space    used 6308K, committed 6848K, reserved 1048576K
}
Event: 41.898 GC heap before
{Heap before GC invocations=230 (full 12):
 PSYoungGen      total 9216K, used 4608K [0x00000000eab00000, 0x00000000eb880000, 0x0000000100000000)
  eden space 4608K, 100% used [0x00000000eab00000,0x00000000eaf80000,0x00000000eaf80000)
  from space 4608K, 0% used [0x00000000eaf80000,0x00000000eaf80000,0x00000000eb400000)
  to   space 4608K, 0% used [0x00000000eb400000,0x00000000eb400000,0x00000000eb880000)
 ParOldGen       total 356352K, used 310245K [0x00000000c0000000, 0x00000000d5c00000, 0x00000000eab00000)
  object space 356352K, 87% used [0x00000000c0000000,0x00000000d2ef94d0,0x00000000d5c00000)
 Metaspace       used 55724K, committed 56960K, reserved 1114112K
  class space    used 6308K, committed 6848K, reserved 1048576K
}
Event: 41.905 GC heap after
{Heap after GC invocations=230 (full 12):
 PSYoungGen      total 8192K, used 3271K [0x00000000eab00000, 0x00000000eb780000, 0x0000000100000000)
  eden space 4608K, 0% used [0x00000000eab00000,0x00000000eab00000,0x00000000eaf80000)
  from space 3584K, 91% used [0x00000000eb400000,0x00000000eb731cc0,0x00000000eb780000)
  to   space 3584K, 0% used [0x00000000eb080000,0x00000000eb080000,0x00000000eb400000)
 ParOldGen       total 356352K, used 310245K [0x00000000c0000000, 0x00000000d5c00000, 0x00000000eab00000)
  object space 356352K, 87% used [0x00000000c0000000,0x00000000d2ef94d0,0x00000000d5c00000)
 Metaspace       used 55724K, committed 56960K, reserved 1114112K
  class space    used 6308K, committed 6848K, reserved 1048576K
}

